/*C11*/SET SCHEMA PUBLIC
DELETE FROM USUARIO WHERE ID=1
DELETE FROM USUARIO WHERE ID=2
COMMIT
DELETE FROM FILME WHERE ID=1
COMMIT
INSERT INTO FILME VALUES(1,'filme',1,2.00)
COMMIT
INSERT INTO USUARIO VALUES(1,'Jose','jose@email.com',123456)
COMMIT
INSERT INTO USUARIO VALUES(2,'Maria','maria@email.com',654321)
COMMIT
/*C12*/SET SCHEMA PUBLIC
DELETE FROM USUARIO WHERE ID=1
COMMIT
/*C15*/SET SCHEMA PUBLIC
DELETE FROM USUARIO WHERE ID=2
COMMIT
DELETE FROM FILME WHERE ID=1
COMMIT
INSERT INTO FILME VALUES(1,'filme',1,2.00)
COMMIT
INSERT INTO USUARIO VALUES(1,'Jose','jose@email.com',123456)
COMMIT
INSERT INTO USUARIO VALUES(2,'Maria','maria@email.com',654321)
COMMIT
/*C16*/SET SCHEMA PUBLIC
DELETE FROM USUARIO WHERE ID=1
INSERT INTO USUARIO VALUES(1,'Joaquim','joseMaria@email.com',12345678)
COMMIT
/*C19*/SET SCHEMA PUBLIC
DELETE FROM USUARIO WHERE ID=1
DELETE FROM USUARIO WHERE ID=2
COMMIT
DELETE FROM FILME WHERE ID=1
COMMIT
INSERT INTO FILME VALUES(1,'filme',1,2.00)
COMMIT
INSERT INTO USUARIO VALUES(1,'Jose','jose@email.com',123456)
COMMIT
INSERT INTO USUARIO VALUES(2,'Maria','maria@email.com',654321)
COMMIT
/*C20*/SET SCHEMA PUBLIC
DELETE FROM USUARIO WHERE ID=1
COMMIT
/*C23*/SET SCHEMA PUBLIC
DELETE FROM USUARIO WHERE ID=2
COMMIT
DELETE FROM FILME WHERE ID=1
COMMIT
INSERT INTO FILME VALUES(1,'filme',1,2.00)
COMMIT
INSERT INTO USUARIO VALUES(1,'Jose','jose@email.com',123456)
COMMIT
INSERT INTO USUARIO VALUES(2,'Maria','maria@email.com',654321)
COMMIT
/*C26*/SET SCHEMA PUBLIC
DELETE FROM USUARIO WHERE ID=1
DELETE FROM USUARIO WHERE ID=2
COMMIT
DELETE FROM FILME WHERE ID=1
COMMIT
INSERT INTO FILME VALUES(1,'filme',1,2.00)
COMMIT
INSERT INTO USUARIO VALUES(1,'Jose','jose@email.com',123456)
COMMIT
INSERT INTO USUARIO VALUES(2,'Maria','maria@email.com',654321)
COMMIT
/*C27*/SET SCHEMA PUBLIC
INSERT INTO USUARIO VALUES(83,'Jose','joseMaria@email.com',12345678)
COMMIT
/*C30*/SET SCHEMA PUBLIC
DELETE FROM USUARIO WHERE ID=1
DELETE FROM USUARIO WHERE ID=2
DELETE FROM USUARIO WHERE ID=83
COMMIT
DELETE FROM FILME WHERE ID=1
COMMIT
INSERT INTO FILME VALUES(1,'filme',1,2.00)
COMMIT
INSERT INTO USUARIO VALUES(1,'Jose','jose@email.com',123456)
COMMIT
INSERT INTO USUARIO VALUES(2,'Maria','maria@email.com',654321)
COMMIT
/*C31*/SET SCHEMA PUBLIC
DELETE FROM USUARIO WHERE ID=2
INSERT INTO USUARIO VALUES(2,'Joaquim','joaquim@email.com',112233)
COMMIT
